<?xml version="1.0" encoding="UTF-8"?>
<!-- Generated by org.testng.reporters.JUnitReportReporter -->
<testsuite skipped="0" hostname="EPINPUNW0032" name="page.PostAPIResponse" tests="1" failures="0" timestamp="14 Feb 2018 07:46:57 GMT" time="4.554" errors="0">
  <testcase name="postResource" time="4.554" classname="page.PostAPIResponse"/>
</testsuite> <!-- page.PostAPIResponse -->
