<?xml version="1.0" encoding="UTF-8"?>
<!-- Generated by org.testng.reporters.JUnitReportReporter -->
<testsuite skipped="0" hostname="EPINPUNW0032" name="page.RestOperationUsingNodeJSServer" tests="1" failures="0" timestamp="16 Feb 2018 12:05:08 GMT" time="2.262" errors="0">
  <testcase name="callMethod" time="2.262" classname="page.RestOperationUsingNodeJSServer"/>
</testsuite> <!-- page.RestOperationUsingNodeJSServer -->
