<?xml version="1.0" encoding="UTF-8"?>
<!-- Generated by org.testng.reporters.JUnitReportReporter -->
<testsuite skipped="0" hostname="EPINPUNW0032" name="page.GetApiResponse" tests="1" failures="0" timestamp="13 Feb 2018 09:57:30 GMT" time="1.383" errors="0">
  <testcase name="callMethod" time="1.383" classname="page.GetApiResponse"/>
</testsuite> <!-- page.GetApiResponse -->
