<?xml version="1.0" encoding="UTF-8"?>
<!-- Generated by org.testng.reporters.JUnitReportReporter -->
<testsuite skipped="0" hostname="EPINPUNW0032" name="page.RestOperationUsingNodeJSServer" tests="1" failures="0" timestamp="15 Feb 2018 11:07:16 GMT" time="0.900" errors="0">
  <testcase name="callMethod" time="0.900" classname="page.RestOperationUsingNodeJSServer"/>
</testsuite> <!-- page.RestOperationUsingNodeJSServer -->
